<?xml version="1.0" encoding="UTF-8"?>
<!-- Generated by org.testng.reporters.JUnitReportReporter -->
<testsuite skipped="1" hostname="DESKTOP-21J1A4V" name="org.mur.AnnotationsTest" tests="5" failures="0" timestamp="08 Feb 2023 08:00:46 GMT" time="0.047" errors="0">
  <testcase name="Login" time="0.032" classname="org.mur.AnnotationsTest"/>
  <testcase name="SearchHotel" time="0.000" classname="org.mur.AnnotationsTest"/>
  <testcase name="BookHotel" time="0.000" classname="org.mur.AnnotationsTest"/>
  <testcase name="BookingConfirmation" time="0.015" classname="org.mur.AnnotationsTest"/>
  <testcase name="SelectHotel" classname="org.mur.AnnotationsTest">
    <skipped/>
  </testcase> <!-- SelectHotel -->
</testsuite> <!-- org.mur.AnnotationsTest -->
